<testsuites id="" name="" tests="138" failures="104" skipped="0" errors="0" time="282.095542">
<testsuite name="auth.spec.ts" timestamp="2026-01-11T01:53:28.718Z" hostname="chromium" tests="4" failures="3" skipped="0" time="43.676" errors="0">
<testcase name="Authentication Flow › should login with valid credentials and show success toast" classname="auth.spec.ts" time="5.738">
<failure message="auth.spec.ts:4:9 should login with valid credentials and show success toast" type="FAILURE">
<![CDATA[  [chromium] › auth.spec.ts:4:9 › Authentication Flow › should login with valid credentials and show success toast 

    Error: expect(page).toHaveURL(expected) failed

    Expected pattern: /.*login|.*auth/i
    Received string:  "https://chorilocal.onrender.com/"
    Timeout: 5000ms

    Call log:
      - Expect "toHaveURL" with timeout 5000ms
        9 × unexpected value "https://chorilocal.onrender.com/"


      4 |     test('should login with valid credentials and show success toast', async ({ page }) => {
      5 |         await page.goto('/');
    > 6 |         await expect(page).toHaveURL(/.*login|.*auth/i);
        |                            ^
      7 |
      8 |         await page.fill('input[type="email"]', 'admin@example.com');
      9 |         await page.fill('input[type="password"]', 'password123');
        at /home/mauro/dev/chorizaurio/e2e/auth.spec.ts:6:28

    attachment #1: screenshot (image/png) ──────────────────────────────────────────────────────────
    ../test-results/auth-Authentication-Flow-s-ec3f8-ials-and-show-success-toast-chromium/test-failed-1.png
    ────────────────────────────────────────────────────────────────────────────────────────────────

    attachment #2: video (video/webm) ──────────────────────────────────────────────────────────────
    ../test-results/auth-Authentication-Flow-s-ec3f8-ials-and-show-success-toast-chromium/video.webm
    ────────────────────────────────────────────────────────────────────────────────────────────────

    Error Context: ../test-results/auth-Authentication-Flow-s-ec3f8-ials-and-show-success-toast-chromium/error-context.md
]]>
</failure>
<system-out>
<![CDATA[
[[ATTACHMENT|test-results/auth-Authentication-Flow-s-ec3f8-ials-and-show-success-toast-chromium/test-failed-1.png]]

[[ATTACHMENT|test-results/auth-Authentication-Flow-s-ec3f8-ials-and-show-success-toast-chromium/video.webm]]

[[ATTACHMENT|test-results/auth-Authentication-Flow-s-ec3f8-ials-and-show-success-toast-chromium/error-context.md]]
]]>
</system-out>
</testcase>
<testcase name="Authentication Flow › should show error toast for invalid credentials" classname="auth.spec.ts" time="31.472">
<failure message="auth.spec.ts:21:9 should show error toast for invalid credentials" type="FAILURE">
<![CDATA[  [chromium] › auth.spec.ts:21:9 › Authentication Flow › should show error toast for invalid credentials 

    Test timeout of 30000ms exceeded.

    Error: page.fill: Test timeout of 30000ms exceeded.
    Call log:
      - waiting for locator('input[type="email"]')


      22 |         await page.goto('/');
      23 |
    > 24 |         await page.fill('input[type="email"]', 'invalid@example.com');
         |                    ^
      25 |         await page.fill('input[type="password"]', 'wrongpassword');
      26 |         await page.click('button:has-text("Entrar")');
      27 |
        at /home/mauro/dev/chorizaurio/e2e/auth.spec.ts:24:20

    attachment #1: screenshot (image/png) ──────────────────────────────────────────────────────────
    ../test-results/auth-Authentication-Flow-s-22a65-ast-for-invalid-credentials-chromium/test-failed-1.png
    ────────────────────────────────────────────────────────────────────────────────────────────────

    attachment #2: video (video/webm) ──────────────────────────────────────────────────────────────
    ../test-results/auth-Authentication-Flow-s-22a65-ast-for-invalid-credentials-chromium/video.webm
    ────────────────────────────────────────────────────────────────────────────────────────────────

    Error Context: ../test-results/auth-Authentication-Flow-s-22a65-ast-for-invalid-credentials-chromium/error-context.md
]]>
</failure>
<system-out>
<![CDATA[
[[ATTACHMENT|test-results/auth-Authentication-Flow-s-22a65-ast-for-invalid-credentials-chromium/test-failed-1.png]]

[[ATTACHMENT|test-results/auth-Authentication-Flow-s-22a65-ast-for-invalid-credentials-chromium/video.webm]]

[[ATTACHMENT|test-results/auth-Authentication-Flow-s-22a65-ast-for-invalid-credentials-chromium/error-context.md]]
]]>
</system-out>
</testcase>
<testcase name="Authentication Flow › should logout and clear session" classname="auth.spec.ts" time="0.557">
</testcase>
<testcase name="Authentication Flow › should persist session on page reload" classname="auth.spec.ts" time="5.909">
<failure message="auth.spec.ts:46:9 should persist session on page reload" type="FAILURE">
<![CDATA[  [chromium] › auth.spec.ts:46:9 › Authentication Flow › should persist session on page reload ─────

    Error: expect(locator).toBeVisible() failed

    Locator: locator('button:has-text("Cerrar sesión")')
    Expected: visible
    Timeout: 5000ms
    Error: element(s) not found

    Call log:
      - Expect "toBeVisible" with timeout 5000ms
      - waiting for locator('button:has-text("Cerrar sesión")')


      50 |         await page.reload();
      51 |         const logoutBtn = page.locator('button:has-text("Cerrar sesión")');
    > 52 |         await expect(logoutBtn).toBeVisible({ timeout: 5000 });
         |                                 ^
      53 |     });
      54 | });
      55 |
        at /home/mauro/dev/chorizaurio/e2e/auth.spec.ts:52:33

    attachment #1: screenshot (image/png) ──────────────────────────────────────────────────────────
    ../test-results/auth-Authentication-Flow-s-7d259-sist-session-on-page-reload-chromium/test-failed-1.png
    ────────────────────────────────────────────────────────────────────────────────────────────────

    attachment #2: video (video/webm) ──────────────────────────────────────────────────────────────
    ../test-results/auth-Authentication-Flow-s-7d259-sist-session-on-page-reload-chromium/video.webm
    ────────────────────────────────────────────────────────────────────────────────────────────────

    Error Context: ../test-results/auth-Authentication-Flow-s-7d259-sist-session-on-page-reload-chromium/error-context.md
]]>
</failure>
<system-out>
<![CDATA[
[[ATTACHMENT|test-results/auth-Authentication-Flow-s-7d259-sist-session-on-page-reload-chromium/test-failed-1.png]]

[[ATTACHMENT|test-results/auth-Authentication-Flow-s-7d259-sist-session-on-page-reload-chromium/video.webm]]

[[ATTACHMENT|test-results/auth-Authentication-Flow-s-7d259-sist-session-on-page-reload-chromium/error-context.md]]
]]>
</system-out>
</testcase>
</testsuite>
<testsuite name="crud.spec.ts" timestamp="2026-01-11T01:53:28.718Z" hostname="chromium" tests="5" failures="5" skipped="0" time="157.017" errors="0">
<testcase name="CRUD Operations › should create product and show success toast" classname="crud.spec.ts" time="31.458">
<failure message="crud.spec.ts:17:9 should create product and show success toast" type="FAILURE">
<![CDATA[  [chromium] › crud.spec.ts:17:9 › CRUD Operations › should create product and show success toast ──

    Test timeout of 30000ms exceeded while running "beforeEach" hook.

      2 |
      3 | test.describe('CRUD Operations', () => {
    > 4 |     test.beforeEach(async ({ page }) => {
        |          ^
      5 |         // Ensure logged in before each test
      6 |         await page.goto('/dashboard');
      7 |         const logoutBtn = page.locator('button:has-text("Cerrar sesión")');
        at /home/mauro/dev/chorizaurio/e2e/crud.spec.ts:4:10

    Error: page.fill: Test timeout of 30000ms exceeded.
    Call log:
      - waiting for locator('input[type="email"]')


       8 |         if (!await logoutBtn.isVisible()) {
       9 |             await page.goto('/');
    > 10 |             await page.fill('input[type="email"]', 'admin@example.com');
         |                        ^
      11 |             await page.fill('input[type="password"]', 'password123');
      12 |             await page.click('button:has-text("Entrar")');
      13 |             await page.waitForNavigation();
        at /home/mauro/dev/chorizaurio/e2e/crud.spec.ts:10:24

    attachment #1: screenshot (image/png) ──────────────────────────────────────────────────────────
    ../test-results/crud-CRUD-Operations-shoul-48e3a-duct-and-show-success-toast-chromium/test-failed-1.png
    ────────────────────────────────────────────────────────────────────────────────────────────────

    attachment #2: video (video/webm) ──────────────────────────────────────────────────────────────
    ../test-results/crud-CRUD-Operations-shoul-48e3a-duct-and-show-success-toast-chromium/video.webm
    ────────────────────────────────────────────────────────────────────────────────────────────────

    Error Context: ../test-results/crud-CRUD-Operations-shoul-48e3a-duct-and-show-success-toast-chromium/error-context.md
]]>
</failure>
<system-out>
<![CDATA[
[[ATTACHMENT|test-results/crud-CRUD-Operations-shoul-48e3a-duct-and-show-success-toast-chromium/test-failed-1.png]]

[[ATTACHMENT|test-results/crud-CRUD-Operations-shoul-48e3a-duct-and-show-success-toast-chromium/video.webm]]

[[ATTACHMENT|test-results/crud-CRUD-Operations-shoul-48e3a-duct-and-show-success-toast-chromium/error-context.md]]
]]>
</system-out>
</testcase>
<testcase name="CRUD Operations › should load clientes with success toast" classname="crud.spec.ts" time="31.492">
<failure message="crud.spec.ts:48:9 should load clientes with success toast" type="FAILURE">
<![CDATA[  [chromium] › crud.spec.ts:48:9 › CRUD Operations › should load clientes with success toast ───────

    Test timeout of 30000ms exceeded while running "beforeEach" hook.

      2 |
      3 | test.describe('CRUD Operations', () => {
    > 4 |     test.beforeEach(async ({ page }) => {
        |          ^
      5 |         // Ensure logged in before each test
      6 |         await page.goto('/dashboard');
      7 |         const logoutBtn = page.locator('button:has-text("Cerrar sesión")');
        at /home/mauro/dev/chorizaurio/e2e/crud.spec.ts:4:10

    Error: page.fill: Test timeout of 30000ms exceeded.
    Call log:
      - waiting for locator('input[type="email"]')


       8 |         if (!await logoutBtn.isVisible()) {
       9 |             await page.goto('/');
    > 10 |             await page.fill('input[type="email"]', 'admin@example.com');
         |                        ^
      11 |             await page.fill('input[type="password"]', 'password123');
      12 |             await page.click('button:has-text("Entrar")');
      13 |             await page.waitForNavigation();
        at /home/mauro/dev/chorizaurio/e2e/crud.spec.ts:10:24

    attachment #1: screenshot (image/png) ──────────────────────────────────────────────────────────
    ../test-results/crud-CRUD-Operations-should-load-clientes-with-success-toast-chromium/test-failed-1.png
    ────────────────────────────────────────────────────────────────────────────────────────────────

    attachment #2: video (video/webm) ──────────────────────────────────────────────────────────────
    ../test-results/crud-CRUD-Operations-should-load-clientes-with-success-toast-chromium/video.webm
    ────────────────────────────────────────────────────────────────────────────────────────────────

    Error Context: ../test-results/crud-CRUD-Operations-should-load-clientes-with-success-toast-chromium/error-context.md
]]>
</failure>
<system-out>
<![CDATA[
[[ATTACHMENT|test-results/crud-CRUD-Operations-should-load-clientes-with-success-toast-chromium/test-failed-1.png]]

[[ATTACHMENT|test-results/crud-CRUD-Operations-should-load-clientes-with-success-toast-chromium/video.webm]]

[[ATTACHMENT|test-results/crud-CRUD-Operations-should-load-clientes-with-success-toast-chromium/error-context.md]]
]]>
</system-out>
</testcase>
<testcase name="CRUD Operations › should load templates with success toast" classname="crud.spec.ts" time="31.43">
<failure message="crud.spec.ts:61:9 should load templates with success toast" type="FAILURE">
<![CDATA[  [chromium] › crud.spec.ts:61:9 › CRUD Operations › should load templates with success toast ──────

    Test timeout of 30000ms exceeded while running "beforeEach" hook.

      2 |
      3 | test.describe('CRUD Operations', () => {
    > 4 |     test.beforeEach(async ({ page }) => {
        |          ^
      5 |         // Ensure logged in before each test
      6 |         await page.goto('/dashboard');
      7 |         const logoutBtn = page.locator('button:has-text("Cerrar sesión")');
        at /home/mauro/dev/chorizaurio/e2e/crud.spec.ts:4:10

    Error: page.fill: Test timeout of 30000ms exceeded.
    Call log:
      - waiting for locator('input[type="email"]')


       8 |         if (!await logoutBtn.isVisible()) {
       9 |             await page.goto('/');
    > 10 |             await page.fill('input[type="email"]', 'admin@example.com');
         |                        ^
      11 |             await page.fill('input[type="password"]', 'password123');
      12 |             await page.click('button:has-text("Entrar")');
      13 |             await page.waitForNavigation();
        at /home/mauro/dev/chorizaurio/e2e/crud.spec.ts:10:24

    attachment #1: screenshot (image/png) ──────────────────────────────────────────────────────────
    ../test-results/crud-CRUD-Operations-shoul-d0411-emplates-with-success-toast-chromium/test-failed-1.png
    ────────────────────────────────────────────────────────────────────────────────────────────────

    attachment #2: video (video/webm) ──────────────────────────────────────────────────────────────
    ../test-results/crud-CRUD-Operations-shoul-d0411-emplates-with-success-toast-chromium/video.webm
    ────────────────────────────────────────────────────────────────────────────────────────────────

    Error Context: ../test-results/crud-CRUD-Operations-shoul-d0411-emplates-with-success-toast-chromium/error-context.md
]]>
</failure>
<system-out>
<![CDATA[
[[ATTACHMENT|test-results/crud-CRUD-Operations-shoul-d0411-emplates-with-success-toast-chromium/test-failed-1.png]]

[[ATTACHMENT|test-results/crud-CRUD-Operations-shoul-d0411-emplates-with-success-toast-chromium/video.webm]]

[[ATTACHMENT|test-results/crud-CRUD-Operations-shoul-d0411-emplates-with-success-toast-chromium/error-context.md]]
]]>
</system-out>
</testcase>
<testcase name="CRUD Operations › should load usuarios with success toast" classname="crud.spec.ts" time="31.307">
<failure message="crud.spec.ts:70:9 should load usuarios with success toast" type="FAILURE">
<![CDATA[  [chromium] › crud.spec.ts:70:9 › CRUD Operations › should load usuarios with success toast ───────

    Test timeout of 30000ms exceeded while running "beforeEach" hook.

      2 |
      3 | test.describe('CRUD Operations', () => {
    > 4 |     test.beforeEach(async ({ page }) => {
        |          ^
      5 |         // Ensure logged in before each test
      6 |         await page.goto('/dashboard');
      7 |         const logoutBtn = page.locator('button:has-text("Cerrar sesión")');
        at /home/mauro/dev/chorizaurio/e2e/crud.spec.ts:4:10

    Error: page.fill: Test timeout of 30000ms exceeded.
    Call log:
      - waiting for locator('input[type="email"]')


       8 |         if (!await logoutBtn.isVisible()) {
       9 |             await page.goto('/');
    > 10 |             await page.fill('input[type="email"]', 'admin@example.com');
         |                        ^
      11 |             await page.fill('input[type="password"]', 'password123');
      12 |             await page.click('button:has-text("Entrar")');
      13 |             await page.waitForNavigation();
        at /home/mauro/dev/chorizaurio/e2e/crud.spec.ts:10:24

    attachment #1: screenshot (image/png) ──────────────────────────────────────────────────────────
    ../test-results/crud-CRUD-Operations-should-load-usuarios-with-success-toast-chromium/test-failed-1.png
    ────────────────────────────────────────────────────────────────────────────────────────────────

    attachment #2: video (video/webm) ──────────────────────────────────────────────────────────────
    ../test-results/crud-CRUD-Operations-should-load-usuarios-with-success-toast-chromium/video.webm
    ────────────────────────────────────────────────────────────────────────────────────────────────

    Error Context: ../test-results/crud-CRUD-Operations-should-load-usuarios-with-success-toast-chromium/error-context.md
]]>
</failure>
<system-out>
<![CDATA[
[[ATTACHMENT|test-results/crud-CRUD-Operations-should-load-usuarios-with-success-toast-chromium/test-failed-1.png]]

[[ATTACHMENT|test-results/crud-CRUD-Operations-should-load-usuarios-with-success-toast-chromium/video.webm]]

[[ATTACHMENT|test-results/crud-CRUD-Operations-should-load-usuarios-with-success-toast-chromium/error-context.md]]
]]>
</system-out>
</testcase>
<testcase name="CRUD Operations › should load pedidos with success toast" classname="crud.spec.ts" time="31.33">
<failure message="crud.spec.ts:79:9 should load pedidos with success toast" type="FAILURE">
<![CDATA[  [chromium] › crud.spec.ts:79:9 › CRUD Operations › should load pedidos with success toast ────────

    Test timeout of 30000ms exceeded while running "beforeEach" hook.

      2 |
      3 | test.describe('CRUD Operations', () => {
    > 4 |     test.beforeEach(async ({ page }) => {
        |          ^
      5 |         // Ensure logged in before each test
      6 |         await page.goto('/dashboard');
      7 |         const logoutBtn = page.locator('button:has-text("Cerrar sesión")');
        at /home/mauro/dev/chorizaurio/e2e/crud.spec.ts:4:10

    Error: page.fill: Test timeout of 30000ms exceeded.
    Call log:
      - waiting for locator('input[type="email"]')


       8 |         if (!await logoutBtn.isVisible()) {
       9 |             await page.goto('/');
    > 10 |             await page.fill('input[type="email"]', 'admin@example.com');
         |                        ^
      11 |             await page.fill('input[type="password"]', 'password123');
      12 |             await page.click('button:has-text("Entrar")');
      13 |             await page.waitForNavigation();
        at /home/mauro/dev/chorizaurio/e2e/crud.spec.ts:10:24

    attachment #1: screenshot (image/png) ──────────────────────────────────────────────────────────
    ../test-results/crud-CRUD-Operations-should-load-pedidos-with-success-toast-chromium/test-failed-1.png
    ────────────────────────────────────────────────────────────────────────────────────────────────

    attachment #2: video (video/webm) ──────────────────────────────────────────────────────────────
    ../test-results/crud-CRUD-Operations-should-load-pedidos-with-success-toast-chromium/video.webm
    ────────────────────────────────────────────────────────────────────────────────────────────────

    Error Context: ../test-results/crud-CRUD-Operations-should-load-pedidos-with-success-toast-chromium/error-context.md
]]>
</failure>
<system-out>
<![CDATA[
[[ATTACHMENT|test-results/crud-CRUD-Operations-should-load-pedidos-with-success-toast-chromium/test-failed-1.png]]

[[ATTACHMENT|test-results/crud-CRUD-Operations-should-load-pedidos-with-success-toast-chromium/video.webm]]

[[ATTACHMENT|test-results/crud-CRUD-Operations-should-load-pedidos-with-success-toast-chromium/error-context.md]]
]]>
</system-out>
</testcase>
</testsuite>
<testsuite name="navigation.spec.ts" timestamp="2026-01-11T01:53:28.718Z" hostname="chromium" tests="6" failures="2" skipped="0" time="13.613" errors="0">
<testcase name="Navigation and UI › should navigate between main tabs" classname="navigation.spec.ts" time="0.518">
</testcase>
<testcase name="Navigation and UI › should show sidebar menu on desktop" classname="navigation.spec.ts" time="5.736">
<failure message="navigation.spec.ts:22:9 should show sidebar menu on desktop" type="FAILURE">
<![CDATA[  [chromium] › navigation.spec.ts:22:9 › Navigation and UI › should show sidebar menu on desktop ───

    Error: expect(locator).toBeVisible() failed

    Locator: locator('aside, nav[class*="sidebar"], [class*="nav"]').first()
    Expected: visible
    Timeout: 5000ms
    Error: element(s) not found

    Call log:
      - Expect "toBeVisible" with timeout 5000ms
      - waiting for locator('aside, nav[class*="sidebar"], [class*="nav"]').first()


      25 |
      26 |         const sidebar = page.locator('aside, nav[class*="sidebar"], [class*="nav"]').first();
    > 27 |         await expect(sidebar).toBeVisible();
         |                               ^
      28 |     });
      29 |
      30 |     test('should toggle mobile menu', async ({ page }) => {
        at /home/mauro/dev/chorizaurio/e2e/navigation.spec.ts:27:31

    attachment #1: screenshot (image/png) ──────────────────────────────────────────────────────────
    ../test-results/navigation-Navigation-and--4aa0b-how-sidebar-menu-on-desktop-chromium/test-failed-1.png
    ────────────────────────────────────────────────────────────────────────────────────────────────

    attachment #2: video (video/webm) ──────────────────────────────────────────────────────────────
    ../test-results/navigation-Navigation-and--4aa0b-how-sidebar-menu-on-desktop-chromium/video.webm
    ────────────────────────────────────────────────────────────────────────────────────────────────

    Error Context: ../test-results/navigation-Navigation-and--4aa0b-how-sidebar-menu-on-desktop-chromium/error-context.md
]]>
</failure>
<system-out>
<![CDATA[
[[ATTACHMENT|test-results/navigation-Navigation-and--4aa0b-how-sidebar-menu-on-desktop-chromium/test-failed-1.png]]

[[ATTACHMENT|test-results/navigation-Navigation-and--4aa0b-how-sidebar-menu-on-desktop-chromium/video.webm]]

[[ATTACHMENT|test-results/navigation-Navigation-and--4aa0b-how-sidebar-menu-on-desktop-chromium/error-context.md]]
]]>
</system-out>
</testcase>
<testcase name="Navigation and UI › should toggle mobile menu" classname="navigation.spec.ts" time="0.431">
</testcase>
<testcase name="Navigation and UI › should search globally" classname="navigation.spec.ts" time="0.932">
</testcase>
<testcase name="Navigation and UI › should toggle dark mode" classname="navigation.spec.ts" time="0.38">
</testcase>
<testcase name="Navigation and UI › should show responsive layout on tablets" classname="navigation.spec.ts" time="5.616">
<failure message="navigation.spec.ts:73:9 should show responsive layout on tablets" type="FAILURE">
<![CDATA[  [chromium] › navigation.spec.ts:73:9 › Navigation and UI › should show responsive layout on tablets 

    Error: expect(locator).toBeVisible() failed

    Locator: locator('main, [role="main"]').first()
    Expected: visible
    Timeout: 5000ms
    Error: element(s) not found

    Call log:
      - Expect "toBeVisible" with timeout 5000ms
      - waiting for locator('main, [role="main"]').first()


      76 |
      77 |         const content = page.locator('main, [role="main"]').first();
    > 78 |         await expect(content).toBeVisible();
         |                               ^
      79 |     });
      80 | });
      81 |
        at /home/mauro/dev/chorizaurio/e2e/navigation.spec.ts:78:31

    attachment #1: screenshot (image/png) ──────────────────────────────────────────────────────────
    ../test-results/navigation-Navigation-and--caad2-esponsive-layout-on-tablets-chromium/test-failed-1.png
    ────────────────────────────────────────────────────────────────────────────────────────────────

    attachment #2: video (video/webm) ──────────────────────────────────────────────────────────────
    ../test-results/navigation-Navigation-and--caad2-esponsive-layout-on-tablets-chromium/video.webm
    ────────────────────────────────────────────────────────────────────────────────────────────────

    Error Context: ../test-results/navigation-Navigation-and--caad2-esponsive-layout-on-tablets-chromium/error-context.md
]]>
</failure>
<system-out>
<![CDATA[
[[ATTACHMENT|test-results/navigation-Navigation-and--caad2-esponsive-layout-on-tablets-chromium/test-failed-1.png]]

[[ATTACHMENT|test-results/navigation-Navigation-and--caad2-esponsive-layout-on-tablets-chromium/video.webm]]

[[ATTACHMENT|test-results/navigation-Navigation-and--caad2-esponsive-layout-on-tablets-chromium/error-context.md]]
]]>
</system-out>
</testcase>
</testsuite>
<testsuite name="offline.spec.ts" timestamp="2026-01-11T01:53:28.718Z" hostname="chromium" tests="8" failures="1" skipped="0" time="13.796" errors="0">
<testcase name="Offline Mode › should show offline indicator when network is offline" classname="offline.spec.ts" time="7.232">
<failure message="offline.spec.ts:4:9 should show offline indicator when network is offline" type="FAILURE">
<![CDATA[  [chromium] › offline.spec.ts:4:9 › Offline Mode › should show offline indicator when network is offline 

    Error: expect(locator).toBeVisible() failed

    Locator: locator('main, [role="main"]').first()
    Expected: visible
    Timeout: 5000ms
    Error: element(s) not found

    Call log:
      - Expect "toBeVisible" with timeout 5000ms
      - waiting for locator('main, [role="main"]').first()


      17 |         // Verify page is still interactive
      18 |         const content = page.locator('main, [role="main"]').first();
    > 19 |         await expect(content).toBeVisible({ timeout: 5000 });
         |                               ^
      20 |
      21 |         // Restore connection
      22 |         await context.setOffline(false);
        at /home/mauro/dev/chorizaurio/e2e/offline.spec.ts:19:31

    attachment #1: screenshot (image/png) ──────────────────────────────────────────────────────────
    ../test-results/offline-Offline-Mode-shoul-1e881-tor-when-network-is-offline-chromium/test-failed-1.png
    ────────────────────────────────────────────────────────────────────────────────────────────────

    attachment #2: video (video/webm) ──────────────────────────────────────────────────────────────
    ../test-results/offline-Offline-Mode-shoul-1e881-tor-when-network-is-offline-chromium/video.webm
    ────────────────────────────────────────────────────────────────────────────────────────────────

    Error Context: ../test-results/offline-Offline-Mode-shoul-1e881-tor-when-network-is-offline-chromium/error-context.md
]]>
</failure>
<system-out>
<![CDATA[
[[ATTACHMENT|test-results/offline-Offline-Mode-shoul-1e881-tor-when-network-is-offline-chromium/test-failed-1.png]]

[[ATTACHMENT|test-results/offline-Offline-Mode-shoul-1e881-tor-when-network-is-offline-chromium/video.webm]]

[[ATTACHMENT|test-results/offline-Offline-Mode-shoul-1e881-tor-when-network-is-offline-chromium/error-context.md]]
]]>
</system-out>
</testcase>
<testcase name="Offline Mode › should cache data for offline access" classname="offline.spec.ts" time="0.921">
</testcase>
<testcase name="Offline Mode › should sync offline queue when reconnecting" classname="offline.spec.ts" time="0.881">
</testcase>
<testcase name="Offline Mode › should persist offline queue across sessions" classname="offline.spec.ts" time="0.876">
</testcase>
<testcase name="Offline Mode › should show queue item count in offline mode" classname="offline.spec.ts" time="0.904">
</testcase>
<testcase name="Offline Mode › should handle offline form submission gracefully" classname="offline.spec.ts" time="1.013">
</testcase>
<testcase name="Offline Mode › should load service worker in production" classname="offline.spec.ts" time="1.029">
<system-out>
<![CDATA[⚠ Service worker not detected
]]>
</system-out>
</testcase>
<testcase name="Offline Mode › should have IndexedDB storage available" classname="offline.spec.ts" time="0.94">
<system-out>
<![CDATA[IndexedDB databases: none
]]>
</system-out>
</testcase>
</testsuite>
<testsuite name="performance.spec.ts" timestamp="2026-01-11T01:53:28.718Z" hostname="chromium" tests="5" failures="0" skipped="0" time="4.904" errors="0">
<testcase name="Performance Benchmarks › should load dashboard in under 3 seconds" classname="performance.spec.ts" time="1.238">
<system-out>
<![CDATA[Dashboard load time: 1052ms
]]>
</system-out>
</testcase>
<testcase name="Performance Benchmarks › should respond to tab navigation in under 2 seconds" classname="performance.spec.ts" time="0.886">
</testcase>
<testcase name="Performance Benchmarks › should not have memory leaks during extended session" classname="performance.spec.ts" time="0.999">
</testcase>
<testcase name="Performance Benchmarks › should handle search responsively" classname="performance.spec.ts" time="0.885">
</testcase>
<testcase name="Performance Benchmarks › should measure API response times" classname="performance.spec.ts" time="0.896">
<system-out>
<![CDATA[Average API response time: 0.00ms
]]>
</system-out>
</testcase>
</testsuite>
<testsuite name="reports.spec.ts" timestamp="2026-01-11T01:53:28.718Z" hostname="chromium" tests="4" failures="4" skipped="0" time="126.448" errors="0">
<testcase name="Reports Generation › should generate vendido report with success toast" classname="reports.spec.ts" time="31.435">
<failure message="reports.spec.ts:16:9 should generate vendido report with success toast" type="FAILURE">
<![CDATA[  [chromium] › reports.spec.ts:16:9 › Reports Generation › should generate vendido report with success toast 

    Test timeout of 30000ms exceeded while running "beforeEach" hook.

      2 |
      3 | test.describe('Reports Generation', () => {
    > 4 |     test.beforeEach(async ({ page }) => {
        |          ^
      5 |         await page.goto('/dashboard');
      6 |         const logoutBtn = page.locator('button:has-text("Cerrar sesión")');
      7 |         if (!await logoutBtn.isVisible()) {
        at /home/mauro/dev/chorizaurio/e2e/reports.spec.ts:4:10

    Error: page.fill: Test timeout of 30000ms exceeded.
    Call log:
      - waiting for locator('input[type="email"]')


       7 |         if (!await logoutBtn.isVisible()) {
       8 |             await page.goto('/');
    >  9 |             await page.fill('input[type="email"]', 'admin@example.com');
         |                        ^
      10 |             await page.fill('input[type="password"]', 'password123');
      11 |             await page.click('button:has-text("Entrar")');
      12 |             await page.waitForNavigation();
        at /home/mauro/dev/chorizaurio/e2e/reports.spec.ts:9:24

    attachment #1: screenshot (image/png) ──────────────────────────────────────────────────────────
    ../test-results/reports-Reports-Generation-0128e-o-report-with-success-toast-chromium/test-failed-1.png
    ────────────────────────────────────────────────────────────────────────────────────────────────

    attachment #2: video (video/webm) ──────────────────────────────────────────────────────────────
    ../test-results/reports-Reports-Generation-0128e-o-report-with-success-toast-chromium/video.webm
    ────────────────────────────────────────────────────────────────────────────────────────────────

    Error Context: ../test-results/reports-Reports-Generation-0128e-o-report-with-success-toast-chromium/error-context.md
]]>
</failure>
<system-out>
<![CDATA[
[[ATTACHMENT|test-results/reports-Reports-Generation-0128e-o-report-with-success-toast-chromium/test-failed-1.png]]

[[ATTACHMENT|test-results/reports-Reports-Generation-0128e-o-report-with-success-toast-chromium/video.webm]]

[[ATTACHMENT|test-results/reports-Reports-Generation-0128e-o-report-with-success-toast-chromium/error-context.md]]
]]>
</system-out>
</testcase>
<testcase name="Reports Generation › should generate inventario report" classname="reports.spec.ts" time="31.583">
<failure message="reports.spec.ts:35:9 should generate inventario report" type="FAILURE">
<![CDATA[  [chromium] › reports.spec.ts:35:9 › Reports Generation › should generate inventario report ───────

    Test timeout of 30000ms exceeded while running "beforeEach" hook.

      2 |
      3 | test.describe('Reports Generation', () => {
    > 4 |     test.beforeEach(async ({ page }) => {
        |          ^
      5 |         await page.goto('/dashboard');
      6 |         const logoutBtn = page.locator('button:has-text("Cerrar sesión")');
      7 |         if (!await logoutBtn.isVisible()) {
        at /home/mauro/dev/chorizaurio/e2e/reports.spec.ts:4:10

    Error: page.fill: Test timeout of 30000ms exceeded.
    Call log:
      - waiting for locator('input[type="email"]')


       7 |         if (!await logoutBtn.isVisible()) {
       8 |             await page.goto('/');
    >  9 |             await page.fill('input[type="email"]', 'admin@example.com');
         |                        ^
      10 |             await page.fill('input[type="password"]', 'password123');
      11 |             await page.click('button:has-text("Entrar")');
      12 |             await page.waitForNavigation();
        at /home/mauro/dev/chorizaurio/e2e/reports.spec.ts:9:24

    attachment #1: screenshot (image/png) ──────────────────────────────────────────────────────────
    ../test-results/reports-Reports-Generation-should-generate-inventario-report-chromium/test-failed-1.png
    ────────────────────────────────────────────────────────────────────────────────────────────────

    attachment #2: video (video/webm) ──────────────────────────────────────────────────────────────
    ../test-results/reports-Reports-Generation-should-generate-inventario-report-chromium/video.webm
    ────────────────────────────────────────────────────────────────────────────────────────────────

    Error Context: ../test-results/reports-Reports-Generation-should-generate-inventario-report-chromium/error-context.md
]]>
</failure>
<system-out>
<![CDATA[
[[ATTACHMENT|test-results/reports-Reports-Generation-should-generate-inventario-report-chromium/test-failed-1.png]]

[[ATTACHMENT|test-results/reports-Reports-Generation-should-generate-inventario-report-chromium/video.webm]]

[[ATTACHMENT|test-results/reports-Reports-Generation-should-generate-inventario-report-chromium/error-context.md]]
]]>
</system-out>
</testcase>
<testcase name="Reports Generation › should export report to CSV" classname="reports.spec.ts" time="31.642">
<failure message="reports.spec.ts:49:9 should export report to CSV" type="FAILURE">
<![CDATA[  [chromium] › reports.spec.ts:49:9 › Reports Generation › should export report to CSV ─────────────

    Test timeout of 30000ms exceeded while running "beforeEach" hook.

      2 |
      3 | test.describe('Reports Generation', () => {
    > 4 |     test.beforeEach(async ({ page }) => {
        |          ^
      5 |         await page.goto('/dashboard');
      6 |         const logoutBtn = page.locator('button:has-text("Cerrar sesión")');
      7 |         if (!await logoutBtn.isVisible()) {
        at /home/mauro/dev/chorizaurio/e2e/reports.spec.ts:4:10

    Error: page.fill: Test timeout of 30000ms exceeded.
    Call log:
      - waiting for locator('input[type="email"]')


       7 |         if (!await logoutBtn.isVisible()) {
       8 |             await page.goto('/');
    >  9 |             await page.fill('input[type="email"]', 'admin@example.com');
         |                        ^
      10 |             await page.fill('input[type="password"]', 'password123');
      11 |             await page.click('button:has-text("Entrar")');
      12 |             await page.waitForNavigation();
        at /home/mauro/dev/chorizaurio/e2e/reports.spec.ts:9:24

    attachment #1: screenshot (image/png) ──────────────────────────────────────────────────────────
    ../test-results/reports-Reports-Generation-should-export-report-to-CSV-chromium/test-failed-1.png
    ────────────────────────────────────────────────────────────────────────────────────────────────

    attachment #2: video (video/webm) ──────────────────────────────────────────────────────────────
    ../test-results/reports-Reports-Generation-should-export-report-to-CSV-chromium/video.webm
    ────────────────────────────────────────────────────────────────────────────────────────────────

    Error Context: ../test-results/reports-Reports-Generation-should-export-report-to-CSV-chromium/error-context.md
]]>
</failure>
<system-out>
<![CDATA[
[[ATTACHMENT|test-results/reports-Reports-Generation-should-export-report-to-CSV-chromium/test-failed-1.png]]

[[ATTACHMENT|test-results/reports-Reports-Generation-should-export-report-to-CSV-chromium/video.webm]]

[[ATTACHMENT|test-results/reports-Reports-Generation-should-export-report-to-CSV-chromium/error-context.md]]
]]>
</system-out>
</testcase>
<testcase name="Reports Generation › should apply date filters on report" classname="reports.spec.ts" time="31.788">
<failure message="reports.spec.ts:65:9 should apply date filters on report" type="FAILURE">
<![CDATA[  [chromium] › reports.spec.ts:65:9 › Reports Generation › should apply date filters on report ─────

    Test timeout of 30000ms exceeded while running "beforeEach" hook.

      2 |
      3 | test.describe('Reports Generation', () => {
    > 4 |     test.beforeEach(async ({ page }) => {
        |          ^
      5 |         await page.goto('/dashboard');
      6 |         const logoutBtn = page.locator('button:has-text("Cerrar sesión")');
      7 |         if (!await logoutBtn.isVisible()) {
        at /home/mauro/dev/chorizaurio/e2e/reports.spec.ts:4:10

    Error: page.fill: Test timeout of 30000ms exceeded.
    Call log:
      - waiting for locator('input[type="email"]')


       7 |         if (!await logoutBtn.isVisible()) {
       8 |             await page.goto('/');
    >  9 |             await page.fill('input[type="email"]', 'admin@example.com');
         |                        ^
      10 |             await page.fill('input[type="password"]', 'password123');
      11 |             await page.click('button:has-text("Entrar")');
      12 |             await page.waitForNavigation();
        at /home/mauro/dev/chorizaurio/e2e/reports.spec.ts:9:24

    attachment #1: screenshot (image/png) ──────────────────────────────────────────────────────────
    ../test-results/reports-Reports-Generation-eeab1-pply-date-filters-on-report-chromium/test-failed-1.png
    ────────────────────────────────────────────────────────────────────────────────────────────────

    attachment #2: video (video/webm) ──────────────────────────────────────────────────────────────
    ../test-results/reports-Reports-Generation-eeab1-pply-date-filters-on-report-chromium/video.webm
    ────────────────────────────────────────────────────────────────────────────────────────────────

    Error Context: ../test-results/reports-Reports-Generation-eeab1-pply-date-filters-on-report-chromium/error-context.md
]]>
</failure>
<system-out>
<![CDATA[
[[ATTACHMENT|test-results/reports-Reports-Generation-eeab1-pply-date-filters-on-report-chromium/test-failed-1.png]]

[[ATTACHMENT|test-results/reports-Reports-Generation-eeab1-pply-date-filters-on-report-chromium/video.webm]]

[[ATTACHMENT|test-results/reports-Reports-Generation-eeab1-pply-date-filters-on-report-chromium/error-context.md]]
]]>
</system-out>
</testcase>
</testsuite>
<testsuite name="toasts.spec.ts" timestamp="2026-01-11T01:53:28.718Z" hostname="chromium" tests="14" failures="14" skipped="0" time="444.005" errors="0">
<testcase name="Toast Success Verification › should show 📊 toast for Dashboard" classname="toasts.spec.ts" time="31.804">
<failure message="toasts.spec.ts:33:13 should show 📊 toast for Dashboard" type="FAILURE">
<![CDATA[  [chromium] › toasts.spec.ts:33:13 › Toast Success Verification › should show 📊 toast for Dashboard 

    Test timeout of 30000ms exceeded while running "beforeEach" hook.

      2 |
      3 | test.describe('Toast Success Verification', () => {
    > 4 |     test.beforeEach(async ({ page }) => {
        |          ^
      5 |         await page.goto('/dashboard');
      6 |         const logoutBtn = page.locator('button:has-text("Cerrar sesión")');
      7 |         if (!await logoutBtn.isVisible()) {
        at /home/mauro/dev/chorizaurio/e2e/toasts.spec.ts:4:10

    Error: page.fill: Test timeout of 30000ms exceeded.
    Call log:
      - waiting for locator('input[type="email"]')


       7 |         if (!await logoutBtn.isVisible()) {
       8 |             await page.goto('/');
    >  9 |             await page.fill('input[type="email"]', 'admin@example.com');
         |                        ^
      10 |             await page.fill('input[type="password"]', 'password123');
      11 |             await page.click('button:has-text("Entrar")');
      12 |             await page.waitForNavigation();
        at /home/mauro/dev/chorizaurio/e2e/toasts.spec.ts:9:24

    attachment #1: screenshot (image/png) ──────────────────────────────────────────────────────────
    ../test-results/toasts-Toast-Success-Verif-b4733-show-📊-toast-for-Dashboard-chromium/test-failed-1.png
    ────────────────────────────────────────────────────────────────────────────────────────────────

    attachment #2: video (video/webm) ──────────────────────────────────────────────────────────────
    ../test-results/toasts-Toast-Success-Verif-b4733-show-📊-toast-for-Dashboard-chromium/video.webm
    ────────────────────────────────────────────────────────────────────────────────────────────────

    Error Context: ../test-results/toasts-Toast-Success-Verif-b4733-show-📊-toast-for-Dashboard-chromium/error-context.md
]]>
</failure>
<system-out>
<![CDATA[
[[ATTACHMENT|test-results/toasts-Toast-Success-Verif-b4733-show-📊-toast-for-Dashboard-chromium/test-failed-1.png]]

[[ATTACHMENT|test-results/toasts-Toast-Success-Verif-b4733-show-📊-toast-for-Dashboard-chromium/video.webm]]

[[ATTACHMENT|test-results/toasts-Toast-Success-Verif-b4733-show-📊-toast-for-Dashboard-chromium/error-context.md]]
]]>
</system-out>
</testcase>
<testcase name="Toast Success Verification › should show 📊 toast for Reportes" classname="toasts.spec.ts" time="31.841">
<failure message="toasts.spec.ts:33:13 should show 📊 toast for Reportes" type="FAILURE">
<![CDATA[  [chromium] › toasts.spec.ts:33:13 › Toast Success Verification › should show 📊 toast for Reportes 

    Test timeout of 30000ms exceeded while running "beforeEach" hook.

      2 |
      3 | test.describe('Toast Success Verification', () => {
    > 4 |     test.beforeEach(async ({ page }) => {
        |          ^
      5 |         await page.goto('/dashboard');
      6 |         const logoutBtn = page.locator('button:has-text("Cerrar sesión")');
      7 |         if (!await logoutBtn.isVisible()) {
        at /home/mauro/dev/chorizaurio/e2e/toasts.spec.ts:4:10

    Error: page.fill: Test timeout of 30000ms exceeded.
    Call log:
      - waiting for locator('input[type="email"]')


       7 |         if (!await logoutBtn.isVisible()) {
       8 |             await page.goto('/');
    >  9 |             await page.fill('input[type="email"]', 'admin@example.com');
         |                        ^
      10 |             await page.fill('input[type="password"]', 'password123');
      11 |             await page.click('button:has-text("Entrar")');
      12 |             await page.waitForNavigation();
        at /home/mauro/dev/chorizaurio/e2e/toasts.spec.ts:9:24

    attachment #1: screenshot (image/png) ──────────────────────────────────────────────────────────
    ../test-results/toasts-Toast-Success-Verif-23090--show-📊-toast-for-Reportes-chromium/test-failed-1.png
    ────────────────────────────────────────────────────────────────────────────────────────────────

    attachment #2: video (video/webm) ──────────────────────────────────────────────────────────────
    ../test-results/toasts-Toast-Success-Verif-23090--show-📊-toast-for-Reportes-chromium/video.webm
    ────────────────────────────────────────────────────────────────────────────────────────────────

    Error Context: ../test-results/toasts-Toast-Success-Verif-23090--show-📊-toast-for-Reportes-chromium/error-context.md
]]>
</failure>
<system-out>
<![CDATA[
[[ATTACHMENT|test-results/toasts-Toast-Success-Verif-23090--show-📊-toast-for-Reportes-chromium/test-failed-1.png]]

[[ATTACHMENT|test-results/toasts-Toast-Success-Verif-23090--show-📊-toast-for-Reportes-chromium/video.webm]]

[[ATTACHMENT|test-results/toasts-Toast-Success-Verif-23090--show-📊-toast-for-Reportes-chromium/error-context.md]]
]]>
</system-out>
</testcase>
<testcase name="Toast Success Verification › should show 📦 toast for Productos" classname="toasts.spec.ts" time="31.443">
<failure message="toasts.spec.ts:33:13 should show 📦 toast for Productos" type="FAILURE">
<![CDATA[  [chromium] › toasts.spec.ts:33:13 › Toast Success Verification › should show 📦 toast for Productos 

    Test timeout of 30000ms exceeded while running "beforeEach" hook.

      2 |
      3 | test.describe('Toast Success Verification', () => {
    > 4 |     test.beforeEach(async ({ page }) => {
        |          ^
      5 |         await page.goto('/dashboard');
      6 |         const logoutBtn = page.locator('button:has-text("Cerrar sesión")');
      7 |         if (!await logoutBtn.isVisible()) {
        at /home/mauro/dev/chorizaurio/e2e/toasts.spec.ts:4:10

    Error: page.fill: Test timeout of 30000ms exceeded.
    Call log:
      - waiting for locator('input[type="email"]')


       7 |         if (!await logoutBtn.isVisible()) {
       8 |             await page.goto('/');
    >  9 |             await page.fill('input[type="email"]', 'admin@example.com');
         |                        ^
      10 |             await page.fill('input[type="password"]', 'password123');
      11 |             await page.click('button:has-text("Entrar")');
      12 |             await page.waitForNavigation();
        at /home/mauro/dev/chorizaurio/e2e/toasts.spec.ts:9:24

    attachment #1: screenshot (image/png) ──────────────────────────────────────────────────────────
    ../test-results/toasts-Toast-Success-Verif-c4c8b-show-📦-toast-for-Productos-chromium/test-failed-1.png
    ────────────────────────────────────────────────────────────────────────────────────────────────

    attachment #2: video (video/webm) ──────────────────────────────────────────────────────────────
    ../test-results/toasts-Toast-Success-Verif-c4c8b-show-📦-toast-for-Productos-chromium/video.webm
    ────────────────────────────────────────────────────────────────────────────────────────────────

    Error Context: ../test-results/toasts-Toast-Success-Verif-c4c8b-show-📦-toast-for-Productos-chromium/error-context.md
]]>
</failure>
<system-out>
<![CDATA[
[[ATTACHMENT|test-results/toasts-Toast-Success-Verif-c4c8b-show-📦-toast-for-Productos-chromium/test-failed-1.png]]

[[ATTACHMENT|test-results/toasts-Toast-Success-Verif-c4c8b-show-📦-toast-for-Productos-chromium/video.webm]]

[[ATTACHMENT|test-results/toasts-Toast-Success-Verif-c4c8b-show-📦-toast-for-Productos-chromium/error-context.md]]
]]>
</system-out>
</testcase>
<testcase name="Toast Success Verification › should show 👥 toast for Clientes" classname="toasts.spec.ts" time="31.698">
<failure message="toasts.spec.ts:33:13 should show 👥 toast for Clientes" type="FAILURE">
<![CDATA[  [chromium] › toasts.spec.ts:33:13 › Toast Success Verification › should show 👥 toast for Clientes 

    Test timeout of 30000ms exceeded while running "beforeEach" hook.

      2 |
      3 | test.describe('Toast Success Verification', () => {
    > 4 |     test.beforeEach(async ({ page }) => {
        |          ^
      5 |         await page.goto('/dashboard');
      6 |         const logoutBtn = page.locator('button:has-text("Cerrar sesión")');
      7 |         if (!await logoutBtn.isVisible()) {
        at /home/mauro/dev/chorizaurio/e2e/toasts.spec.ts:4:10

    Error: page.fill: Test timeout of 30000ms exceeded.
    Call log:
      - waiting for locator('input[type="email"]')


       7 |         if (!await logoutBtn.isVisible()) {
       8 |             await page.goto('/');
    >  9 |             await page.fill('input[type="email"]', 'admin@example.com');
         |                        ^
      10 |             await page.fill('input[type="password"]', 'password123');
      11 |             await page.click('button:has-text("Entrar")');
      12 |             await page.waitForNavigation();
        at /home/mauro/dev/chorizaurio/e2e/toasts.spec.ts:9:24

    attachment #1: screenshot (image/png) ──────────────────────────────────────────────────────────
    ../test-results/toasts-Toast-Success-Verif-61a60--show-👥-toast-for-Clientes-chromium/test-failed-1.png
    ────────────────────────────────────────────────────────────────────────────────────────────────

    attachment #2: video (video/webm) ──────────────────────────────────────────────────────────────
    ../test-results/toasts-Toast-Success-Verif-61a60--show-👥-toast-for-Clientes-chromium/video.webm
    ────────────────────────────────────────────────────────────────────────────────────────────────

    Error Context: ../test-results/toasts-Toast-Success-Verif-61a60--show-👥-toast-for-Clientes-chromium/error-context.md
]]>
</failure>
<system-out>
<![CDATA[
[[ATTACHMENT|test-results/toasts-Toast-Success-Verif-61a60--show-👥-toast-for-Clientes-chromium/test-failed-1.png]]

[[ATTACHMENT|test-results/toasts-Toast-Success-Verif-61a60--show-👥-toast-for-Clientes-chromium/video.webm]]

[[ATTACHMENT|test-results/toasts-Toast-Success-Verif-61a60--show-👥-toast-for-Clientes-chromium/error-context.md]]
]]>
</system-out>
</testcase>
<testcase name="Toast Success Verification › should show 📦 toast for Pedidos" classname="toasts.spec.ts" time="31.781">
<failure message="toasts.spec.ts:33:13 should show 📦 toast for Pedidos" type="FAILURE">
<![CDATA[  [chromium] › toasts.spec.ts:33:13 › Toast Success Verification › should show 📦 toast for Pedidos 

    Test timeout of 30000ms exceeded while running "beforeEach" hook.

      2 |
      3 | test.describe('Toast Success Verification', () => {
    > 4 |     test.beforeEach(async ({ page }) => {
        |          ^
      5 |         await page.goto('/dashboard');
      6 |         const logoutBtn = page.locator('button:has-text("Cerrar sesión")');
      7 |         if (!await logoutBtn.isVisible()) {
        at /home/mauro/dev/chorizaurio/e2e/toasts.spec.ts:4:10

    Error: page.fill: Test timeout of 30000ms exceeded.
    Call log:
      - waiting for locator('input[type="email"]')


       7 |         if (!await logoutBtn.isVisible()) {
       8 |             await page.goto('/');
    >  9 |             await page.fill('input[type="email"]', 'admin@example.com');
         |                        ^
      10 |             await page.fill('input[type="password"]', 'password123');
      11 |             await page.click('button:has-text("Entrar")');
      12 |             await page.waitForNavigation();
        at /home/mauro/dev/chorizaurio/e2e/toasts.spec.ts:9:24

    attachment #1: screenshot (image/png) ──────────────────────────────────────────────────────────
    ../test-results/toasts-Toast-Success-Verif-d4430-d-show-📦-toast-for-Pedidos-chromium/test-failed-1.png
    ────────────────────────────────────────────────────────────────────────────────────────────────

    attachment #2: video (video/webm) ──────────────────────────────────────────────────────────────
    ../test-results/toasts-Toast-Success-Verif-d4430-d-show-📦-toast-for-Pedidos-chromium/video.webm
    ────────────────────────────────────────────────────────────────────────────────────────────────

    Error Context: ../test-results/toasts-Toast-Success-Verif-d4430-d-show-📦-toast-for-Pedidos-chromium/error-context.md
]]>
</failure>
<system-out>
<![CDATA[
[[ATTACHMENT|test-results/toasts-Toast-Success-Verif-d4430-d-show-📦-toast-for-Pedidos-chromium/test-failed-1.png]]

[[ATTACHMENT|test-results/toasts-Toast-Success-Verif-d4430-d-show-📦-toast-for-Pedidos-chromium/video.webm]]

[[ATTACHMENT|test-results/toasts-Toast-Success-Verif-d4430-d-show-📦-toast-for-Pedidos-chromium/error-context.md]]
]]>
</system-out>
</testcase>
<testcase name="Toast Success Verification › should show 🗺 toast for HojaRuta" classname="toasts.spec.ts" time="31.774">
<failure message="toasts.spec.ts:33:13 should show 🗺 toast for HojaRuta" type="FAILURE">
<![CDATA[  [chromium] › toasts.spec.ts:33:13 › Toast Success Verification › should show 🗺 toast for HojaRuta 

    Test timeout of 30000ms exceeded while running "beforeEach" hook.

      2 |
      3 | test.describe('Toast Success Verification', () => {
    > 4 |     test.beforeEach(async ({ page }) => {
        |          ^
      5 |         await page.goto('/dashboard');
      6 |         const logoutBtn = page.locator('button:has-text("Cerrar sesión")');
      7 |         if (!await logoutBtn.isVisible()) {
        at /home/mauro/dev/chorizaurio/e2e/toasts.spec.ts:4:10

    Error: page.fill: Test timeout of 30000ms exceeded.
    Call log:
      - waiting for locator('input[type="email"]')


       7 |         if (!await logoutBtn.isVisible()) {
       8 |             await page.goto('/');
    >  9 |             await page.fill('input[type="email"]', 'admin@example.com');
         |                        ^
      10 |             await page.fill('input[type="password"]', 'password123');
      11 |             await page.click('button:has-text("Entrar")');
      12 |             await page.waitForNavigation();
        at /home/mauro/dev/chorizaurio/e2e/toasts.spec.ts:9:24

    attachment #1: screenshot (image/png) ──────────────────────────────────────────────────────────
    ../test-results/toasts-Toast-Success-Verif-9f5b1--show-🗺-toast-for-HojaRuta-chromium/test-failed-1.png
    ────────────────────────────────────────────────────────────────────────────────────────────────

    attachment #2: video (video/webm) ──────────────────────────────────────────────────────────────
    ../test-results/toasts-Toast-Success-Verif-9f5b1--show-🗺-toast-for-HojaRuta-chromium/video.webm
    ────────────────────────────────────────────────────────────────────────────────────────────────

    Error Context: ../test-results/toasts-Toast-Success-Verif-9f5b1--show-🗺-toast-for-HojaRuta-chromium/error-context.md
]]>
</failure>
<system-out>
<![CDATA[
[[ATTACHMENT|test-results/toasts-Toast-Success-Verif-9f5b1--show-🗺-toast-for-HojaRuta-chromium/test-failed-1.png]]

[[ATTACHMENT|test-results/toasts-Toast-Success-Verif-9f5b1--show-🗺-toast-for-HojaRuta-chromium/video.webm]]

[[ATTACHMENT|test-results/toasts-Toast-Success-Verif-9f5b1--show-🗺-toast-for-HojaRuta-chromium/error-context.md]]
]]>
</system-out>
</testcase>
<testcase name="Toast Success Verification › should show 👥 toast for Usuarios" classname="toasts.spec.ts" time="31.781">
<failure message="toasts.spec.ts:33:13 should show 👥 toast for Usuarios" type="FAILURE">
<![CDATA[  [chromium] › toasts.spec.ts:33:13 › Toast Success Verification › should show 👥 toast for Usuarios 

    Test timeout of 30000ms exceeded while running "beforeEach" hook.

      2 |
      3 | test.describe('Toast Success Verification', () => {
    > 4 |     test.beforeEach(async ({ page }) => {
        |          ^
      5 |         await page.goto('/dashboard');
      6 |         const logoutBtn = page.locator('button:has-text("Cerrar sesión")');
      7 |         if (!await logoutBtn.isVisible()) {
        at /home/mauro/dev/chorizaurio/e2e/toasts.spec.ts:4:10

    Error: page.fill: Test timeout of 30000ms exceeded.
    Call log:
      - waiting for locator('input[type="email"]')


       7 |         if (!await logoutBtn.isVisible()) {
       8 |             await page.goto('/');
    >  9 |             await page.fill('input[type="email"]', 'admin@example.com');
         |                        ^
      10 |             await page.fill('input[type="password"]', 'password123');
      11 |             await page.click('button:has-text("Entrar")');
      12 |             await page.waitForNavigation();
        at /home/mauro/dev/chorizaurio/e2e/toasts.spec.ts:9:24

    attachment #1: screenshot (image/png) ──────────────────────────────────────────────────────────
    ../test-results/toasts-Toast-Success-Verif-71bb3--show-👥-toast-for-Usuarios-chromium/test-failed-1.png
    ────────────────────────────────────────────────────────────────────────────────────────────────

    attachment #2: video (video/webm) ──────────────────────────────────────────────────────────────
    ../test-results/toasts-Toast-Success-Verif-71bb3--show-👥-toast-for-Usuarios-chromium/video.webm
    ────────────────────────────────────────────────────────────────────────────────────────────────

    Error Context: ../test-results/toasts-Toast-Success-Verif-71bb3--show-👥-toast-for-Usuarios-chromium/error-context.md
]]>
</failure>
<system-out>
<![CDATA[
[[ATTACHMENT|test-results/toasts-Toast-Success-Verif-71bb3--show-👥-toast-for-Usuarios-chromium/test-failed-1.png]]

[[ATTACHMENT|test-results/toasts-Toast-Success-Verif-71bb3--show-👥-toast-for-Usuarios-chromium/video.webm]]

[[ATTACHMENT|test-results/toasts-Toast-Success-Verif-71bb3--show-👥-toast-for-Usuarios-chromium/error-context.md]]
]]>
</system-out>
</testcase>
<testcase name="Toast Success Verification › should show 📋 toast for Plantillas" classname="toasts.spec.ts" time="31.718">
<failure message="toasts.spec.ts:33:13 should show 📋 toast for Plantillas" type="FAILURE">
<![CDATA[  [chromium] › toasts.spec.ts:33:13 › Toast Success Verification › should show 📋 toast for Plantillas 

    Test timeout of 30000ms exceeded while running "beforeEach" hook.

      2 |
      3 | test.describe('Toast Success Verification', () => {
    > 4 |     test.beforeEach(async ({ page }) => {
        |          ^
      5 |         await page.goto('/dashboard');
      6 |         const logoutBtn = page.locator('button:has-text("Cerrar sesión")');
      7 |         if (!await logoutBtn.isVisible()) {
        at /home/mauro/dev/chorizaurio/e2e/toasts.spec.ts:4:10

    Error: page.fill: Test timeout of 30000ms exceeded.
    Call log:
      - waiting for locator('input[type="email"]')


       7 |         if (!await logoutBtn.isVisible()) {
       8 |             await page.goto('/');
    >  9 |             await page.fill('input[type="email"]', 'admin@example.com');
         |                        ^
      10 |             await page.fill('input[type="password"]', 'password123');
      11 |             await page.click('button:has-text("Entrar")');
      12 |             await page.waitForNavigation();
        at /home/mauro/dev/chorizaurio/e2e/toasts.spec.ts:9:24

    attachment #1: screenshot (image/png) ──────────────────────────────────────────────────────────
    ../test-results/toasts-Toast-Success-Verif-d9e16-how-📋-toast-for-Plantillas-chromium/test-failed-1.png
    ────────────────────────────────────────────────────────────────────────────────────────────────

    attachment #2: video (video/webm) ──────────────────────────────────────────────────────────────
    ../test-results/toasts-Toast-Success-Verif-d9e16-how-📋-toast-for-Plantillas-chromium/video.webm
    ────────────────────────────────────────────────────────────────────────────────────────────────

    Error Context: ../test-results/toasts-Toast-Success-Verif-d9e16-how-📋-toast-for-Plantillas-chromium/error-context.md
]]>
</failure>
<system-out>
<![CDATA[
[[ATTACHMENT|test-results/toasts-Toast-Success-Verif-d9e16-how-📋-toast-for-Plantillas-chromium/test-failed-1.png]]

[[ATTACHMENT|test-results/toasts-Toast-Success-Verif-d9e16-how-📋-toast-for-Plantillas-chromium/video.webm]]

[[ATTACHMENT|test-results/toasts-Toast-Success-Verif-d9e16-how-📋-toast-for-Plantillas-chromium/error-context.md]]
]]>
</system-out>
</testcase>
<testcase name="Toast Success Verification › should show 💰 toast for ListasPrecios" classname="toasts.spec.ts" time="31.314">
<failure message="toasts.spec.ts:33:13 should show 💰 toast for ListasPrecios" type="FAILURE">
<![CDATA[  [chromium] › toasts.spec.ts:33:13 › Toast Success Verification › should show 💰 toast for ListasPrecios 

    Test timeout of 30000ms exceeded while running "beforeEach" hook.

      2 |
      3 | test.describe('Toast Success Verification', () => {
    > 4 |     test.beforeEach(async ({ page }) => {
        |          ^
      5 |         await page.goto('/dashboard');
      6 |         const logoutBtn = page.locator('button:has-text("Cerrar sesión")');
      7 |         if (!await logoutBtn.isVisible()) {
        at /home/mauro/dev/chorizaurio/e2e/toasts.spec.ts:4:10

    Error: page.fill: Test timeout of 30000ms exceeded.
    Call log:
      - waiting for locator('input[type="email"]')


       7 |         if (!await logoutBtn.isVisible()) {
       8 |             await page.goto('/');
    >  9 |             await page.fill('input[type="email"]', 'admin@example.com');
         |                        ^
      10 |             await page.fill('input[type="password"]', 'password123');
      11 |             await page.click('button:has-text("Entrar")');
      12 |             await page.waitForNavigation();
        at /home/mauro/dev/chorizaurio/e2e/toasts.spec.ts:9:24

    attachment #1: screenshot (image/png) ──────────────────────────────────────────────────────────
    ../test-results/toasts-Toast-Success-Verif-590a0--💰-toast-for-ListasPrecios-chromium/test-failed-1.png
    ────────────────────────────────────────────────────────────────────────────────────────────────

    attachment #2: video (video/webm) ──────────────────────────────────────────────────────────────
    ../test-results/toasts-Toast-Success-Verif-590a0--💰-toast-for-ListasPrecios-chromium/video.webm
    ────────────────────────────────────────────────────────────────────────────────────────────────

    Error Context: ../test-results/toasts-Toast-Success-Verif-590a0--💰-toast-for-ListasPrecios-chromium/error-context.md
]]>
</failure>
<system-out>
<![CDATA[
[[ATTACHMENT|test-results/toasts-Toast-Success-Verif-590a0--💰-toast-for-ListasPrecios-chromium/test-failed-1.png]]

[[ATTACHMENT|test-results/toasts-Toast-Success-Verif-590a0--💰-toast-for-ListasPrecios-chromium/video.webm]]

[[ATTACHMENT|test-results/toasts-Toast-Success-Verif-590a0--💰-toast-for-ListasPrecios-chromium/error-context.md]]
]]>
</system-out>
</testcase>
<testcase name="Toast Success Verification › should show 🎁 toast for Ofertas" classname="toasts.spec.ts" time="31.657">
<failure message="toasts.spec.ts:33:13 should show 🎁 toast for Ofertas" type="FAILURE">
<![CDATA[  [chromium] › toasts.spec.ts:33:13 › Toast Success Verification › should show 🎁 toast for Ofertas 

    Test timeout of 30000ms exceeded while running "beforeEach" hook.

      2 |
      3 | test.describe('Toast Success Verification', () => {
    > 4 |     test.beforeEach(async ({ page }) => {
        |          ^
      5 |         await page.goto('/dashboard');
      6 |         const logoutBtn = page.locator('button:has-text("Cerrar sesión")');
      7 |         if (!await logoutBtn.isVisible()) {
        at /home/mauro/dev/chorizaurio/e2e/toasts.spec.ts:4:10

    Error: page.fill: Test timeout of 30000ms exceeded.
    Call log:
      - waiting for locator('input[type="email"]')


       7 |         if (!await logoutBtn.isVisible()) {
       8 |             await page.goto('/');
    >  9 |             await page.fill('input[type="email"]', 'admin@example.com');
         |                        ^
      10 |             await page.fill('input[type="password"]', 'password123');
      11 |             await page.click('button:has-text("Entrar")');
      12 |             await page.waitForNavigation();
        at /home/mauro/dev/chorizaurio/e2e/toasts.spec.ts:9:24

    attachment #1: screenshot (image/png) ──────────────────────────────────────────────────────────
    ../test-results/toasts-Toast-Success-Verif-e5b6e-d-show-🎁-toast-for-Ofertas-chromium/test-failed-1.png
    ────────────────────────────────────────────────────────────────────────────────────────────────

    attachment #2: video (video/webm) ──────────────────────────────────────────────────────────────
    ../test-results/toasts-Toast-Success-Verif-e5b6e-d-show-🎁-toast-for-Ofertas-chromium/video.webm
    ────────────────────────────────────────────────────────────────────────────────────────────────

    Error Context: ../test-results/toasts-Toast-Success-Verif-e5b6e-d-show-🎁-toast-for-Ofertas-chromium/error-context.md
]]>
</failure>
<system-out>
<![CDATA[
[[ATTACHMENT|test-results/toasts-Toast-Success-Verif-e5b6e-d-show-🎁-toast-for-Ofertas-chromium/test-failed-1.png]]

[[ATTACHMENT|test-results/toasts-Toast-Success-Verif-e5b6e-d-show-🎁-toast-for-Ofertas-chromium/video.webm]]

[[ATTACHMENT|test-results/toasts-Toast-Success-Verif-e5b6e-d-show-🎁-toast-for-Ofertas-chromium/error-context.md]]
]]>
</system-out>
</testcase>
<testcase name="Toast Success Verification › should show 📂 toast for Categorías" classname="toasts.spec.ts" time="31.743">
<failure message="toasts.spec.ts:33:13 should show 📂 toast for Categorías" type="FAILURE">
<![CDATA[  [chromium] › toasts.spec.ts:33:13 › Toast Success Verification › should show 📂 toast for Categorías 

    Test timeout of 30000ms exceeded while running "beforeEach" hook.

      2 |
      3 | test.describe('Toast Success Verification', () => {
    > 4 |     test.beforeEach(async ({ page }) => {
        |          ^
      5 |         await page.goto('/dashboard');
      6 |         const logoutBtn = page.locator('button:has-text("Cerrar sesión")');
      7 |         if (!await logoutBtn.isVisible()) {
        at /home/mauro/dev/chorizaurio/e2e/toasts.spec.ts:4:10

    Error: page.fill: Test timeout of 30000ms exceeded.
    Call log:
      - waiting for locator('input[type="email"]')


       7 |         if (!await logoutBtn.isVisible()) {
       8 |             await page.goto('/');
    >  9 |             await page.fill('input[type="email"]', 'admin@example.com');
         |                        ^
      10 |             await page.fill('input[type="password"]', 'password123');
      11 |             await page.click('button:has-text("Entrar")');
      12 |             await page.waitForNavigation();
        at /home/mauro/dev/chorizaurio/e2e/toasts.spec.ts:9:24

    attachment #1: screenshot (image/png) ──────────────────────────────────────────────────────────
    ../test-results/toasts-Toast-Success-Verif-d7bf0-how-📂-toast-for-Categorías-chromium/test-failed-1.png
    ────────────────────────────────────────────────────────────────────────────────────────────────

    attachment #2: video (video/webm) ──────────────────────────────────────────────────────────────
    ../test-results/toasts-Toast-Success-Verif-d7bf0-how-📂-toast-for-Categorías-chromium/video.webm
    ────────────────────────────────────────────────────────────────────────────────────────────────

    Error Context: ../test-results/toasts-Toast-Success-Verif-d7bf0-how-📂-toast-for-Categorías-chromium/error-context.md
]]>
</failure>
<system-out>
<![CDATA[
[[ATTACHMENT|test-results/toasts-Toast-Success-Verif-d7bf0-how-📂-toast-for-Categorías-chromium/test-failed-1.png]]

[[ATTACHMENT|test-results/toasts-Toast-Success-Verif-d7bf0-how-📂-toast-for-Categorías-chromium/video.webm]]

[[ATTACHMENT|test-results/toasts-Toast-Success-Verif-d7bf0-how-📂-toast-for-Categorías-chromium/error-context.md]]
]]>
</system-out>
</testcase>
<testcase name="Toast Success Verification › should show 👤 toast for AdminPanel" classname="toasts.spec.ts" time="31.803">
<failure message="toasts.spec.ts:33:13 should show 👤 toast for AdminPanel" type="FAILURE">
<![CDATA[  [chromium] › toasts.spec.ts:33:13 › Toast Success Verification › should show 👤 toast for AdminPanel 

    Test timeout of 30000ms exceeded while running "beforeEach" hook.

      2 |
      3 | test.describe('Toast Success Verification', () => {
    > 4 |     test.beforeEach(async ({ page }) => {
        |          ^
      5 |         await page.goto('/dashboard');
      6 |         const logoutBtn = page.locator('button:has-text("Cerrar sesión")');
      7 |         if (!await logoutBtn.isVisible()) {
        at /home/mauro/dev/chorizaurio/e2e/toasts.spec.ts:4:10

    Error: page.fill: Test timeout of 30000ms exceeded.
    Call log:
      - waiting for locator('input[type="email"]')


       7 |         if (!await logoutBtn.isVisible()) {
       8 |             await page.goto('/');
    >  9 |             await page.fill('input[type="email"]', 'admin@example.com');
         |                        ^
      10 |             await page.fill('input[type="password"]', 'password123');
      11 |             await page.click('button:has-text("Entrar")');
      12 |             await page.waitForNavigation();
        at /home/mauro/dev/chorizaurio/e2e/toasts.spec.ts:9:24

    attachment #1: screenshot (image/png) ──────────────────────────────────────────────────────────
    ../test-results/toasts-Toast-Success-Verif-614e7-how-👤-toast-for-AdminPanel-chromium/test-failed-1.png
    ────────────────────────────────────────────────────────────────────────────────────────────────

    attachment #2: video (video/webm) ──────────────────────────────────────────────────────────────
    ../test-results/toasts-Toast-Success-Verif-614e7-how-👤-toast-for-AdminPanel-chromium/video.webm
    ────────────────────────────────────────────────────────────────────────────────────────────────

    Error Context: ../test-results/toasts-Toast-Success-Verif-614e7-how-👤-toast-for-AdminPanel-chromium/error-context.md
]]>
</failure>
<system-out>
<![CDATA[
[[ATTACHMENT|test-results/toasts-Toast-Success-Verif-614e7-how-👤-toast-for-AdminPanel-chromium/test-failed-1.png]]

[[ATTACHMENT|test-results/toasts-Toast-Success-Verif-614e7-how-👤-toast-for-AdminPanel-chromium/video.webm]]

[[ATTACHMENT|test-results/toasts-Toast-Success-Verif-614e7-how-👤-toast-for-AdminPanel-chromium/error-context.md]]
]]>
</system-out>
</testcase>
<testcase name="Toast Success Verification › should show 📡 toast for OfflineQueue" classname="toasts.spec.ts" time="31.851">
<failure message="toasts.spec.ts:33:13 should show 📡 toast for OfflineQueue" type="FAILURE">
<![CDATA[  [chromium] › toasts.spec.ts:33:13 › Toast Success Verification › should show 📡 toast for OfflineQueue 

    Test timeout of 30000ms exceeded while running "beforeEach" hook.

      2 |
      3 | test.describe('Toast Success Verification', () => {
    > 4 |     test.beforeEach(async ({ page }) => {
        |          ^
      5 |         await page.goto('/dashboard');
      6 |         const logoutBtn = page.locator('button:has-text("Cerrar sesión")');
      7 |         if (!await logoutBtn.isVisible()) {
        at /home/mauro/dev/chorizaurio/e2e/toasts.spec.ts:4:10

    Error: page.fill: Test timeout of 30000ms exceeded.
    Call log:
      - waiting for locator('input[type="email"]')


       7 |         if (!await logoutBtn.isVisible()) {
       8 |             await page.goto('/');
    >  9 |             await page.fill('input[type="email"]', 'admin@example.com');
         |                        ^
      10 |             await page.fill('input[type="password"]', 'password123');
      11 |             await page.click('button:has-text("Entrar")');
      12 |             await page.waitForNavigation();
        at /home/mauro/dev/chorizaurio/e2e/toasts.spec.ts:9:24

    attachment #1: screenshot (image/png) ──────────────────────────────────────────────────────────
    ../test-results/toasts-Toast-Success-Verif-c7d98-w-📡-toast-for-OfflineQueue-chromium/test-failed-1.png
    ────────────────────────────────────────────────────────────────────────────────────────────────

    attachment #2: video (video/webm) ──────────────────────────────────────────────────────────────
    ../test-results/toasts-Toast-Success-Verif-c7d98-w-📡-toast-for-OfflineQueue-chromium/video.webm
    ────────────────────────────────────────────────────────────────────────────────────────────────

    Error Context: ../test-results/toasts-Toast-Success-Verif-c7d98-w-📡-toast-for-OfflineQueue-chromium/error-context.md
]]>
</failure>
<system-out>
<![CDATA[
[[ATTACHMENT|test-results/toasts-Toast-Success-Verif-c7d98-w-📡-toast-for-OfflineQueue-chromium/test-failed-1.png]]

[[ATTACHMENT|test-results/toasts-Toast-Success-Verif-c7d98-w-📡-toast-for-OfflineQueue-chromium/video.webm]]

[[ATTACHMENT|test-results/toasts-Toast-Success-Verif-c7d98-w-📡-toast-for-OfflineQueue-chromium/error-context.md]]
]]>
</system-out>
</testcase>
<testcase name="Toast Success Verification › should show login success toast" classname="toasts.spec.ts" time="31.797">
<failure message="toasts.spec.ts:47:9 should show login success toast" type="FAILURE">
<![CDATA[  [chromium] › toasts.spec.ts:47:9 › Toast Success Verification › should show login success toast ──

    Test timeout of 30000ms exceeded while running "beforeEach" hook.

      2 |
      3 | test.describe('Toast Success Verification', () => {
    > 4 |     test.beforeEach(async ({ page }) => {
        |          ^
      5 |         await page.goto('/dashboard');
      6 |         const logoutBtn = page.locator('button:has-text("Cerrar sesión")');
      7 |         if (!await logoutBtn.isVisible()) {
        at /home/mauro/dev/chorizaurio/e2e/toasts.spec.ts:4:10

    Error: page.fill: Test timeout of 30000ms exceeded.
    Call log:
      - waiting for locator('input[type="email"]')


       7 |         if (!await logoutBtn.isVisible()) {
       8 |             await page.goto('/');
    >  9 |             await page.fill('input[type="email"]', 'admin@example.com');
         |                        ^
      10 |             await page.fill('input[type="password"]', 'password123');
      11 |             await page.click('button:has-text("Entrar")');
      12 |             await page.waitForNavigation();
        at /home/mauro/dev/chorizaurio/e2e/toasts.spec.ts:9:24

    attachment #1: screenshot (image/png) ──────────────────────────────────────────────────────────
    ../test-results/toasts-Toast-Success-Verif-1769a-ld-show-login-success-toast-chromium/test-failed-1.png
    ────────────────────────────────────────────────────────────────────────────────────────────────

    attachment #2: video (video/webm) ──────────────────────────────────────────────────────────────
    ../test-results/toasts-Toast-Success-Verif-1769a-ld-show-login-success-toast-chromium/video.webm
    ────────────────────────────────────────────────────────────────────────────────────────────────

    Error Context: ../test-results/toasts-Toast-Success-Verif-1769a-ld-show-login-success-toast-chromium/error-context.md
]]>
</failure>
<system-out>
<![CDATA[
[[ATTACHMENT|test-results/toasts-Toast-Success-Verif-1769a-ld-show-login-success-toast-chromium/test-failed-1.png]]

[[ATTACHMENT|test-results/toasts-Toast-Success-Verif-1769a-ld-show-login-success-toast-chromium/video.webm]]

[[ATTACHMENT|test-results/toasts-Toast-Success-Verif-1769a-ld-show-login-success-toast-chromium/error-context.md]]
]]>
</system-out>
</testcase>
</testsuite>
<testsuite name="auth.spec.ts" timestamp="2026-01-11T01:53:28.718Z" hostname="firefox" tests="4" failures="3" skipped="0" time="45.064" errors="0">
<testcase name="Authentication Flow › should login with valid credentials and show success toast" classname="auth.spec.ts" time="6.713">
<failure message="auth.spec.ts:4:9 should login with valid credentials and show success toast" type="FAILURE">
<![CDATA[  [firefox] › auth.spec.ts:4:9 › Authentication Flow › should login with valid credentials and show success toast 

    Error: expect(page).toHaveURL(expected) failed

    Expected pattern: /.*login|.*auth/i
    Received string:  "https://chorilocal.onrender.com/"
    Timeout: 5000ms

    Call log:
      - Expect "toHaveURL" with timeout 5000ms
        9 × unexpected value "https://chorilocal.onrender.com/"


      4 |     test('should login with valid credentials and show success toast', async ({ page }) => {
      5 |         await page.goto('/');
    > 6 |         await expect(page).toHaveURL(/.*login|.*auth/i);
        |                            ^
      7 |
      8 |         await page.fill('input[type="email"]', 'admin@example.com');
      9 |         await page.fill('input[type="password"]', 'password123');
        at /home/mauro/dev/chorizaurio/e2e/auth.spec.ts:6:28

    attachment #1: screenshot (image/png) ──────────────────────────────────────────────────────────
    ../test-results/auth-Authentication-Flow-s-ec3f8-ials-and-show-success-toast-firefox/test-failed-1.png
    ────────────────────────────────────────────────────────────────────────────────────────────────

    attachment #2: video (video/webm) ──────────────────────────────────────────────────────────────
    ../test-results/auth-Authentication-Flow-s-ec3f8-ials-and-show-success-toast-firefox/video.webm
    ────────────────────────────────────────────────────────────────────────────────────────────────

    Error Context: ../test-results/auth-Authentication-Flow-s-ec3f8-ials-and-show-success-toast-firefox/error-context.md
]]>
</failure>
<system-out>
<![CDATA[
[[ATTACHMENT|test-results/auth-Authentication-Flow-s-ec3f8-ials-and-show-success-toast-firefox/test-failed-1.png]]

[[ATTACHMENT|test-results/auth-Authentication-Flow-s-ec3f8-ials-and-show-success-toast-firefox/video.webm]]

[[ATTACHMENT|test-results/auth-Authentication-Flow-s-ec3f8-ials-and-show-success-toast-firefox/error-context.md]]
]]>
</system-out>
</testcase>
<testcase name="Authentication Flow › should show error toast for invalid credentials" classname="auth.spec.ts" time="30.057">
<failure message="auth.spec.ts:21:9 should show error toast for invalid credentials" type="FAILURE">
<![CDATA[  [firefox] › auth.spec.ts:21:9 › Authentication Flow › should show error toast for invalid credentials 

    Test timeout of 30000ms exceeded.

    Error: page.fill: Test timeout of 30000ms exceeded.
    Call log:
      - waiting for locator('input[type="email"]')


      22 |         await page.goto('/');
      23 |
    > 24 |         await page.fill('input[type="email"]', 'invalid@example.com');
         |                    ^
      25 |         await page.fill('input[type="password"]', 'wrongpassword');
      26 |         await page.click('button:has-text("Entrar")');
      27 |
        at /home/mauro/dev/chorizaurio/e2e/auth.spec.ts:24:20

    attachment #1: screenshot (image/png) ──────────────────────────────────────────────────────────
    ../test-results/auth-Authentication-Flow-s-22a65-ast-for-invalid-credentials-firefox/test-failed-1.png
    ────────────────────────────────────────────────────────────────────────────────────────────────

    attachment #2: video (video/webm) ──────────────────────────────────────────────────────────────
    ../test-results/auth-Authentication-Flow-s-22a65-ast-for-invalid-credentials-firefox/video.webm
    ────────────────────────────────────────────────────────────────────────────────────────────────

    Error Context: ../test-results/auth-Authentication-Flow-s-22a65-ast-for-invalid-credentials-firefox/error-context.md
]]>
</failure>
<system-out>
<![CDATA[
[[ATTACHMENT|test-results/auth-Authentication-Flow-s-22a65-ast-for-invalid-credentials-firefox/test-failed-1.png]]

[[ATTACHMENT|test-results/auth-Authentication-Flow-s-22a65-ast-for-invalid-credentials-firefox/video.webm]]

[[ATTACHMENT|test-results/auth-Authentication-Flow-s-22a65-ast-for-invalid-credentials-firefox/error-context.md]]
]]>
</system-out>
</testcase>
<testcase name="Authentication Flow › should logout and clear session" classname="auth.spec.ts" time="1.482">
</testcase>
<testcase name="Authentication Flow › should persist session on page reload" classname="auth.spec.ts" time="6.812">
[...]
    ║     libwoff2dec.so.1.0.2                             ║
    ║     libvpx.so.9                                      ║
    ║     libevent-2.1.so.7                                ║
    ║     libopus.so.0                                     ║
    ║     libgstallocators-1.0.so.0                        ║
    ║     libgstapp-1.0.so.0                               ║
    ║     libgstpbutils-1.0.so.0                           ║
    ║     libgstaudio-1.0.so.0                             ║
    ║     libgsttag-1.0.so.0                               ║
    ║     libgstvideo-1.0.so.0                             ║
    ║     libgstgl-1.0.so.0                                ║
    ║     libgstcodecparsers-1.0.so.0                      ║
    ║     libgstfft-1.0.so.0                               ║
    ║     libflite.so.1                                    ║
    ║     libflite_usenglish.so.1                          ║
    ║     libflite_cmu_grapheme_lang.so.1                  ║
    ║     libflite_cmu_grapheme_lex.so.1                   ║
    ║     libflite_cmu_indic_lang.so.1                     ║
    ║     libflite_cmu_indic_lex.so.1                      ║
    ║     libflite_cmulex.so.1                             ║
    ║     libflite_cmu_time_awb.so.1                       ║
    ║     libflite_cmu_us_awb.so.1                         ║
    ║     libflite_cmu_us_kal16.so.1                       ║
    ║     libflite_cmu_us_kal.so.1                         ║
    ║     libflite_cmu_us_rms.so.1                         ║
    ║     libflite_cmu_us_slt.so.1                         ║
    ║     libwebpdemux.so.2                                ║
    ║     libavif.so.16                                    ║
    ║     libharfbuzz-icu.so.0                             ║
    ║     libwebpmux.so.3                                  ║
    ║     libenchant-2.so.2                                ║
    ║     libsecret-1.so.0                                 ║
    ║     libhyphen.so.0                                   ║
    ║     libmanette-0.2.so.0                              ║
    ║     libGLESv2.so.2                                   ║
    ║     libx264.so                                       ║
    ╚══════════════════════════════════════════════════════╝
]]>
</failure>
</testcase>
<testcase name="Toast Success Verification › should show 💰 toast for ListasPrecios" classname="toasts.spec.ts" time="0.004">
<failure message="toasts.spec.ts:33:13 should show 💰 toast for ListasPrecios" type="FAILURE">
<![CDATA[  [webkit] › toasts.spec.ts:33:13 › Toast Success Verification › should show 💰 toast for ListasPrecios 

    Error: browserType.launch: 
    ╔══════════════════════════════════════════════════════╗
    ║ Host system is missing dependencies to run browsers. ║
    ║ Missing libraries:                                   ║
    ║     libgtk-4.so.1                                    ║
    ║     libgraphene-1.0.so.0                             ║
    ║     libwoff2dec.so.1.0.2                             ║
    ║     libvpx.so.9                                      ║
    ║     libevent-2.1.so.7                                ║
    ║     libopus.so.0                                     ║
    ║     libgstallocators-1.0.so.0                        ║
    ║     libgstapp-1.0.so.0                               ║
    ║     libgstpbutils-1.0.so.0                           ║
    ║     libgstaudio-1.0.so.0                             ║
    ║     libgsttag-1.0.so.0                               ║
    ║     libgstvideo-1.0.so.0                             ║
    ║     libgstgl-1.0.so.0                                ║
    ║     libgstcodecparsers-1.0.so.0                      ║
    ║     libgstfft-1.0.so.0                               ║
    ║     libflite.so.1                                    ║
    ║     libflite_usenglish.so.1                          ║
    ║     libflite_cmu_grapheme_lang.so.1                  ║
    ║     libflite_cmu_grapheme_lex.so.1                   ║
    ║     libflite_cmu_indic_lang.so.1                     ║
    ║     libflite_cmu_indic_lex.so.1                      ║
    ║     libflite_cmulex.so.1                             ║
    ║     libflite_cmu_time_awb.so.1                       ║
    ║     libflite_cmu_us_awb.so.1                         ║
    ║     libflite_cmu_us_kal16.so.1                       ║
    ║     libflite_cmu_us_kal.so.1                         ║
    ║     libflite_cmu_us_rms.so.1                         ║
    ║     libflite_cmu_us_slt.so.1                         ║
    ║     libwebpdemux.so.2                                ║
    ║     libavif.so.16                                    ║
    ║     libharfbuzz-icu.so.0                             ║
    ║     libwebpmux.so.3                                  ║
    ║     libenchant-2.so.2                                ║
    ║     libsecret-1.so.0                                 ║
    ║     libhyphen.so.0                                   ║
    ║     libmanette-0.2.so.0                              ║
    ║     libGLESv2.so.2                                   ║
    ║     libx264.so                                       ║
    ╚══════════════════════════════════════════════════════╝
]]>
</failure>
</testcase>
<testcase name="Toast Success Verification › should show 🎁 toast for Ofertas" classname="toasts.spec.ts" time="0.004">
<failure message="toasts.spec.ts:33:13 should show 🎁 toast for Ofertas" type="FAILURE">
<![CDATA[  [webkit] › toasts.spec.ts:33:13 › Toast Success Verification › should show 🎁 toast for Ofertas ──

    Error: browserType.launch: 
    ╔══════════════════════════════════════════════════════╗
    ║ Host system is missing dependencies to run browsers. ║
    ║ Missing libraries:                                   ║
    ║     libgtk-4.so.1                                    ║
    ║     libgraphene-1.0.so.0                             ║
    ║     libwoff2dec.so.1.0.2                             ║
    ║     libvpx.so.9                                      ║
    ║     libevent-2.1.so.7                                ║
    ║     libopus.so.0                                     ║
    ║     libgstallocators-1.0.so.0                        ║
    ║     libgstapp-1.0.so.0                               ║
    ║     libgstpbutils-1.0.so.0                           ║
    ║     libgstaudio-1.0.so.0                             ║
    ║     libgsttag-1.0.so.0                               ║
    ║     libgstvideo-1.0.so.0                             ║
    ║     libgstgl-1.0.so.0                                ║
    ║     libgstcodecparsers-1.0.so.0                      ║
    ║     libgstfft-1.0.so.0                               ║
    ║     libflite.so.1                                    ║
    ║     libflite_usenglish.so.1                          ║
    ║     libflite_cmu_grapheme_lang.so.1                  ║
    ║     libflite_cmu_grapheme_lex.so.1                   ║
    ║     libflite_cmu_indic_lang.so.1                     ║
    ║     libflite_cmu_indic_lex.so.1                      ║
    ║     libflite_cmulex.so.1                             ║
    ║     libflite_cmu_time_awb.so.1                       ║
    ║     libflite_cmu_us_awb.so.1                         ║
    ║     libflite_cmu_us_kal16.so.1                       ║
    ║     libflite_cmu_us_kal.so.1                         ║
    ║     libflite_cmu_us_rms.so.1                         ║
    ║     libflite_cmu_us_slt.so.1                         ║
    ║     libwebpdemux.so.2                                ║
    ║     libavif.so.16                                    ║
    ║     libharfbuzz-icu.so.0                             ║
    ║     libwebpmux.so.3                                  ║
    ║     libenchant-2.so.2                                ║
    ║     libsecret-1.so.0                                 ║
    ║     libhyphen.so.0                                   ║
    ║     libmanette-0.2.so.0                              ║
    ║     libGLESv2.so.2                                   ║
    ║     libx264.so                                       ║
    ╚══════════════════════════════════════════════════════╝
]]>
</failure>
</testcase>
<testcase name="Toast Success Verification › should show 📂 toast for Categorías" classname="toasts.spec.ts" time="0.004">
<failure message="toasts.spec.ts:33:13 should show 📂 toast for Categorías" type="FAILURE">
<![CDATA[  [webkit] › toasts.spec.ts:33:13 › Toast Success Verification › should show 📂 toast for Categorías 

    Error: browserType.launch: 
    ╔══════════════════════════════════════════════════════╗
    ║ Host system is missing dependencies to run browsers. ║
    ║ Missing libraries:                                   ║
    ║     libgtk-4.so.1                                    ║
    ║     libgraphene-1.0.so.0                             ║
    ║     libwoff2dec.so.1.0.2                             ║
    ║     libvpx.so.9                                      ║
    ║     libevent-2.1.so.7                                ║
    ║     libopus.so.0                                     ║
    ║     libgstallocators-1.0.so.0                        ║
    ║     libgstapp-1.0.so.0                               ║
    ║     libgstpbutils-1.0.so.0                           ║
    ║     libgstaudio-1.0.so.0                             ║
    ║     libgsttag-1.0.so.0                               ║
    ║     libgstvideo-1.0.so.0                             ║
    ║     libgstgl-1.0.so.0                                ║
    ║     libgstcodecparsers-1.0.so.0                      ║
    ║     libgstfft-1.0.so.0                               ║
    ║     libflite.so.1                                    ║
    ║     libflite_usenglish.so.1                          ║
    ║     libflite_cmu_grapheme_lang.so.1                  ║
    ║     libflite_cmu_grapheme_lex.so.1                   ║
    ║     libflite_cmu_indic_lang.so.1                     ║
    ║     libflite_cmu_indic_lex.so.1                      ║
    ║     libflite_cmulex.so.1                             ║
    ║     libflite_cmu_time_awb.so.1                       ║
    ║     libflite_cmu_us_awb.so.1                         ║
    ║     libflite_cmu_us_kal16.so.1                       ║
    ║     libflite_cmu_us_kal.so.1                         ║
    ║     libflite_cmu_us_rms.so.1                         ║
    ║     libflite_cmu_us_slt.so.1                         ║
    ║     libwebpdemux.so.2                                ║
    ║     libavif.so.16                                    ║
    ║     libharfbuzz-icu.so.0                             ║
    ║     libwebpmux.so.3                                  ║
    ║     libenchant-2.so.2                                ║
    ║     libsecret-1.so.0                                 ║
    ║     libhyphen.so.0                                   ║
    ║     libmanette-0.2.so.0                              ║
    ║     libGLESv2.so.2                                   ║
    ║     libx264.so                                       ║
    ╚══════════════════════════════════════════════════════╝
]]>
</failure>
</testcase>
<testcase name="Toast Success Verification › should show 👤 toast for AdminPanel" classname="toasts.spec.ts" time="0.004">
<failure message="toasts.spec.ts:33:13 should show 👤 toast for AdminPanel" type="FAILURE">
<![CDATA[  [webkit] › toasts.spec.ts:33:13 › Toast Success Verification › should show 👤 toast for AdminPanel 

    Error: browserType.launch: 
    ╔══════════════════════════════════════════════════════╗
    ║ Host system is missing dependencies to run browsers. ║
    ║ Missing libraries:                                   ║
    ║     libgtk-4.so.1                                    ║
    ║     libgraphene-1.0.so.0                             ║
    ║     libwoff2dec.so.1.0.2                             ║
    ║     libvpx.so.9                                      ║
    ║     libevent-2.1.so.7                                ║
    ║     libopus.so.0                                     ║
    ║     libgstallocators-1.0.so.0                        ║
    ║     libgstapp-1.0.so.0                               ║
    ║     libgstpbutils-1.0.so.0                           ║
    ║     libgstaudio-1.0.so.0                             ║
    ║     libgsttag-1.0.so.0                               ║
    ║     libgstvideo-1.0.so.0                             ║
    ║     libgstgl-1.0.so.0                                ║
    ║     libgstcodecparsers-1.0.so.0                      ║
    ║     libgstfft-1.0.so.0                               ║
    ║     libflite.so.1                                    ║
    ║     libflite_usenglish.so.1                          ║
    ║     libflite_cmu_grapheme_lang.so.1                  ║
    ║     libflite_cmu_grapheme_lex.so.1                   ║
    ║     libflite_cmu_indic_lang.so.1                     ║
    ║     libflite_cmu_indic_lex.so.1                      ║
    ║     libflite_cmulex.so.1                             ║
    ║     libflite_cmu_time_awb.so.1                       ║
    ║     libflite_cmu_us_awb.so.1                         ║
    ║     libflite_cmu_us_kal16.so.1                       ║
    ║     libflite_cmu_us_kal.so.1                         ║
    ║     libflite_cmu_us_rms.so.1                         ║
    ║     libflite_cmu_us_slt.so.1                         ║
    ║     libwebpdemux.so.2                                ║
    ║     libavif.so.16                                    ║
    ║     libharfbuzz-icu.so.0                             ║
    ║     libwebpmux.so.3                                  ║
    ║     libenchant-2.so.2                                ║
    ║     libsecret-1.so.0                                 ║
    ║     libhyphen.so.0                                   ║
    ║     libmanette-0.2.so.0                              ║
    ║     libGLESv2.so.2                                   ║
    ║     libx264.so                                       ║
    ╚══════════════════════════════════════════════════════╝
]]>
</failure>
</testcase>
<testcase name="Toast Success Verification › should show 📡 toast for OfflineQueue" classname="toasts.spec.ts" time="0.002">
<failure message="toasts.spec.ts:33:13 should show 📡 toast for OfflineQueue" type="FAILURE">
<![CDATA[  [webkit] › toasts.spec.ts:33:13 › Toast Success Verification › should show 📡 toast for OfflineQueue 

    Error: browserType.launch: 
    ╔══════════════════════════════════════════════════════╗
    ║ Host system is missing dependencies to run browsers. ║
    ║ Missing libraries:                                   ║
    ║     libgtk-4.so.1                                    ║
    ║     libgraphene-1.0.so.0                             ║
    ║     libwoff2dec.so.1.0.2                             ║
    ║     libvpx.so.9                                      ║
    ║     libevent-2.1.so.7                                ║
    ║     libopus.so.0                                     ║
    ║     libgstallocators-1.0.so.0                        ║
    ║     libgstapp-1.0.so.0                               ║
    ║     libgstpbutils-1.0.so.0                           ║
    ║     libgstaudio-1.0.so.0                             ║
    ║     libgsttag-1.0.so.0                               ║
    ║     libgstvideo-1.0.so.0                             ║
    ║     libgstgl-1.0.so.0                                ║
    ║     libgstcodecparsers-1.0.so.0                      ║
    ║     libgstfft-1.0.so.0                               ║
    ║     libflite.so.1                                    ║
    ║     libflite_usenglish.so.1                          ║
    ║     libflite_cmu_grapheme_lang.so.1                  ║
    ║     libflite_cmu_grapheme_lex.so.1                   ║
    ║     libflite_cmu_indic_lang.so.1                     ║
    ║     libflite_cmu_indic_lex.so.1                      ║
    ║     libflite_cmulex.so.1                             ║
    ║     libflite_cmu_time_awb.so.1                       ║
    ║     libflite_cmu_us_awb.so.1                         ║
    ║     libflite_cmu_us_kal16.so.1                       ║
    ║     libflite_cmu_us_kal.so.1                         ║
    ║     libflite_cmu_us_rms.so.1                         ║
    ║     libflite_cmu_us_slt.so.1                         ║
    ║     libwebpdemux.so.2                                ║
    ║     libavif.so.16                                    ║
    ║     libharfbuzz-icu.so.0                             ║
    ║     libwebpmux.so.3                                  ║
    ║     libenchant-2.so.2                                ║
    ║     libsecret-1.so.0                                 ║
    ║     libhyphen.so.0                                   ║
    ║     libmanette-0.2.so.0                              ║
    ║     libGLESv2.so.2                                   ║
    ║     libx264.so                                       ║
    ╚══════════════════════════════════════════════════════╝
]]>
</failure>
</testcase>
<testcase name="Toast Success Verification › should show login success toast" classname="toasts.spec.ts" time="0.002">
<failure message="toasts.spec.ts:47:9 should show login success toast" type="FAILURE">
<![CDATA[  [webkit] › toasts.spec.ts:47:9 › Toast Success Verification › should show login success toast ────

    Error: browserType.launch: 
    ╔══════════════════════════════════════════════════════╗
    ║ Host system is missing dependencies to run browsers. ║
    ║ Missing libraries:                                   ║
    ║     libgtk-4.so.1                                    ║
    ║     libgraphene-1.0.so.0                             ║
    ║     libwoff2dec.so.1.0.2                             ║
    ║     libvpx.so.9                                      ║
    ║     libevent-2.1.so.7                                ║
    ║     libopus.so.0                                     ║
    ║     libgstallocators-1.0.so.0                        ║
    ║     libgstapp-1.0.so.0                               ║
    ║     libgstpbutils-1.0.so.0                           ║
    ║     libgstaudio-1.0.so.0                             ║
    ║     libgsttag-1.0.so.0                               ║
    ║     libgstvideo-1.0.so.0                             ║
    ║     libgstgl-1.0.so.0                                ║
    ║     libgstcodecparsers-1.0.so.0                      ║
    ║     libgstfft-1.0.so.0                               ║
    ║     libflite.so.1                                    ║
    ║     libflite_usenglish.so.1                          ║
    ║     libflite_cmu_grapheme_lang.so.1                  ║
    ║     libflite_cmu_grapheme_lex.so.1                   ║
    ║     libflite_cmu_indic_lang.so.1                     ║
    ║     libflite_cmu_indic_lex.so.1                      ║
    ║     libflite_cmulex.so.1                             ║
    ║     libflite_cmu_time_awb.so.1                       ║
    ║     libflite_cmu_us_awb.so.1                         ║
    ║     libflite_cmu_us_kal16.so.1                       ║
    ║     libflite_cmu_us_kal.so.1                         ║
    ║     libflite_cmu_us_rms.so.1                         ║
    ║     libflite_cmu_us_slt.so.1                         ║
    ║     libwebpdemux.so.2                                ║
    ║     libavif.so.16                                    ║
    ║     libharfbuzz-icu.so.0                             ║
    ║     libwebpmux.so.3                                  ║
    ║     libenchant-2.so.2                                ║
    ║     libsecret-1.so.0                                 ║
    ║     libhyphen.so.0                                   ║
    ║     libmanette-0.2.so.0                              ║
    ║     libGLESv2.so.2                                   ║
    ║     libx264.so                                       ║
    ╚══════════════════════════════════════════════════════╝
]]>
</failure>
</testcase>
</testsuite>
</testsuites>